# JRE version: Java(TM) SE Runtime Environment (8.0_162-b12) (build 1.8.0_162-b12)
# Java VM: Java HotSpot(TM) 64-Bit Server VM (25.162-b12 mixed mode windows-amd64 compressed oops)
Heap:
 PSYoungGen      total 315392K, used 141026K [0x0000000780980000, 0x000000079dc00000, 0x00000007c0000000)
  eden space 284672K, 49% used [0x0000000780980000,0x0000000789338900,0x0000000791f80000)
  from space 30720K, 0% used [0x0000000791f80000,0x0000000791f80000,0x0000000793d80000)
  to   space 36352K, 0% used [0x000000079b880000,0x000000079b880000,0x000000079dc00000)
 ParOldGen       total 197120K, used 55232K [0x0000000701c00000, 0x000000070dc80000, 0x0000000780980000)
  object space 197120K, 28% used [0x0000000701c00000,0x00000007051f0108,0x000000070dc80000)
 Metaspace       used 59569K, capacity 61132K, committed 61528K, reserved 1101824K
  class space    used 7813K, capacity 8231K, committed 8320K, reserved 1048576K
GC Heap History (10 events):
Event: 15.536 GC heap before
{Heap before GC invocations=8 (full 2):
 PSYoungGen      total 204800K, used 196608K [0x0000000780980000, 0x0000000790380000, 0x00000007c0000000)
  eden space 196608K, 100% used [0x0000000780980000,0x000000078c980000,0x000000078c980000)
  from space 8192K, 0% used [0x000000078c980000,0x000000078c980000,0x000000078d180000)
  to   space 16384K, 0% used [0x000000078f380000,0x000000078f380000,0x0000000790380000)
 ParOldGen       total 145920K, used 22930K [0x0000000701c00000, 0x000000070aa80000, 0x0000000780980000)
  object space 145920K, 15% used [0x0000000701c00000,0x0000000703264878,0x000000070aa80000)
 Metaspace       used 46292K, capacity 47384K, committed 47744K, reserved 1089536K
  class space    used 6311K, capacity 6657K, committed 6784K, reserved 1048576K
Event: 15.628 GC heap after
Heap after GC invocations=8 (full 2):
 PSYoungGen      total 237056K, used 16006K [0x0000000780980000, 0x0000000793780000, 0x00000007c0000000)
  eden space 220672K, 0% used [0x0000000780980000,0x0000000780980000,0x000000078e100000)
  from space 16384K, 97% used [0x000000078f380000,0x0000000790321818,0x0000000790380000)
  to   space 18944K, 0% used [0x000000078e100000,0x000000078e100000,0x000000078f380000)
 ParOldGen       total 145920K, used 22938K [0x0000000701c00000, 0x000000070aa80000, 0x0000000780980000)
  object space 145920K, 15% used [0x0000000701c00000,0x0000000703266878,0x000000070aa80000)
 Metaspace       used 46292K, capacity 47384K, committed 47744K, reserved 1089536K
  class space    used 6311K, capacity 6657K, committed 6784K, reserved 1048576K
}
Event: 23.146 GC heap before
{Heap before GC invocations=9 (full 2):
 PSYoungGen      total 237056K, used 236678K [0x0000000780980000, 0x0000000793780000, 0x00000007c0000000)
  eden space 220672K, 100% used [0x0000000780980000,0x000000078e100000,0x000000078e100000)
  from space 16384K, 97% used [0x000000078f380000,0x0000000790321818,0x0000000790380000)
  to   space 18944K, 0% used [0x000000078e100000,0x000000078e100000,0x000000078f380000)
 ParOldGen       total 145920K, used 22938K [0x0000000701c00000, 0x000000070aa80000, 0x0000000780980000)
  object space 145920K, 15% used [0x0000000701c00000,0x0000000703266878,0x000000070aa80000)
 Metaspace       used 50629K, capacity 52074K, committed 52096K, reserved 1093632K
  class space    used 6864K, capacity 7274K, committed 7296K, reserved 1048576K
Event: 23.195 GC heap after
Heap after GC invocations=9 (full 2):
 PSYoungGen      total 239616K, used 18928K [0x0000000780980000, 0x0000000795b00000, 0x00000007c0000000)
  eden space 220672K, 0% used [0x0000000780980000,0x0000000780980000,0x000000078e100000)
  from space 18944K, 99% used [0x000000078e100000,0x000000078f37c220,0x000000078f380000)
  to   space 25088K, 0% used [0x0000000794280000,0x0000000794280000,0x0000000795b00000)
 ParOldGen       total 145920K, used 30137K [0x0000000701c00000, 0x000000070aa80000, 0x0000000780980000)
  object space 145920K, 20% used [0x0000000701c00000,0x000000070396e600,0x000000070aa80000)
 Metaspace       used 50629K, capacity 52074K, committed 52096K, reserved 1093632K
  class space    used 6864K, capacity 7274K, committed 7296K, reserved 1048576K
}
Event: 36.803 GC heap before
{Heap before GC invocations=10 (full 2):
 PSYoungGen      total 239616K, used 239600K [0x0000000780980000, 0x0000000795b00000, 0x00000007c0000000)
  eden space 220672K, 100% used [0x0000000780980000,0x000000078e100000,0x000000078e100000)
  from space 18944K, 99% used [0x000000078e100000,0x000000078f37c220,0x000000078f380000)
  to   space 25088K, 0% used [0x0000000794280000,0x0000000794280000,0x0000000795b00000)
 ParOldGen       total 145920K, used 30137K [0x0000000701c00000, 0x000000070aa80000, 0x0000000780980000)
  object space 145920K, 20% used [0x0000000701c00000,0x000000070396e600,0x000000070aa80000)
 Metaspace       used 57260K, capacity 58860K, committed 59096K, reserved 1099776K
  class space    used 7683K, capacity 8135K, committed 8192K, reserved 1048576K
Event: 36.842 GC heap after
Heap after GC invocations=10 (full 2):
 PSYoungGen      total 309760K, used 25086K [0x0000000780980000, 0x0000000795b80000, 0x00000007c0000000)
  eden space 284672K, 0% used [0x0000000780980000,0x0000000780980000,0x0000000791f80000)
  from space 25088K, 99% used [0x0000000794280000,0x0000000795aff948,0x0000000795b00000)
  to   space 30720K, 0% used [0x0000000791f80000,0x0000000791f80000,0x0000000793d80000)
 ParOldGen       total 145920K, used 33585K [0x0000000701c00000, 0x000000070aa80000, 0x0000000780980000)
  object space 145920K, 23% used [0x0000000701c00000,0x0000000703ccc678,0x000000070aa80000)
 Metaspace       used 57260K, capacity 58860K, committed 59096K, reserved 1099776K
  class space    used 7683K, capacity 8135K, committed 8192K, reserved 1048576K
}
Event: 37.129 GC heap before
{Heap before GC invocations=11 (full 2):
 PSYoungGen      total 309760K, used 60141K [0x0000000780980000, 0x0000000795b80000, 0x00000007c0000000)
  eden space 284672K, 12% used [0x0000000780980000,0x0000000782bbbdf0,0x0000000791f80000)
  from space 25088K, 99% used [0x0000000794280000,0x0000000795aff948,0x0000000795b00000)
  to   space 30720K, 0% used [0x0000000791f80000,0x0000000791f80000,0x0000000793d80000)
 ParOldGen       total 145920K, used 33585K [0x0000000701c00000, 0x000000070aa80000, 0x0000000780980000)
  object space 145920K, 23% used [0x0000000701c00000,0x0000000703ccc678,0x000000070aa80000)
 Metaspace       used 57371K, capacity 58924K, committed 59096K, reserved 1099776K
  class space    used 7688K, capacity 8135K, committed 8192K, reserved 1048576K
Event: 37.219 GC heap after
Heap after GC invocations=11 (full 2):
 PSYoungGen      total 315392K, used 30700K [0x0000000780980000, 0x000000079dc00000, 0x00000007c0000000)
  eden space 284672K, 0% used [0x0000000780980000,0x0000000780980000,0x0000000791f80000)
  from space 30720K, 99% used [0x0000000791f80000,0x0000000793d7b380,0x0000000793d80000)
  to   space 36352K, 0% used [0x000000079b880000,0x000000079b880000,0x000000079dc00000)
 ParOldGen       total 145920K, used 37041K [0x0000000701c00000, 0x000000070aa80000, 0x0000000780980000)
  object space 145920K, 25% used [0x0000000701c00000,0x000000070402c488,0x000000070aa80000)
 Metaspace       used 57371K, capacity 58924K, committed 59096K, reserved 1099776K
  class space    used 7688K, capacity 8135K, committed 8192K, reserved 1048576K
}
Event: 37.219 GC heap before
{Heap before GC invocations=12 (full 3):
 PSYoungGen      total 315392K, used 30700K [0x0000000780980000, 0x000000079dc00000, 0x00000007c0000000)
  eden space 284672K, 0% used [0x0000000780980000,0x0000000780980000,0x0000000791f80000)
  from space 30720K, 99% used [0x0000000791f80000,0x0000000793d7b380,0x0000000793d80000)
  to   space 36352K, 0% used [0x000000079b880000,0x000000079b880000,0x000000079dc00000)
 ParOldGen       total 145920K, used 37041K [0x0000000701c00000, 0x000000070aa80000, 0x0000000780980000)
  object space 145920K, 25% used [0x0000000701c00000,0x000000070402c488,0x000000070aa80000)
 Metaspace       used 57371K, capacity 58924K, committed 59096K, reserved 1099776K
  class space    used 7688K, capacity 8135K, committed 8192K, reserved 1048576K
Event: 37.568 GC heap after
Heap after GC invocations=12 (full 3):
 PSYoungGen      total 315392K, used 0K [0x0000000780980000, 0x000000079dc00000, 0x00000007c0000000)
  eden space 284672K, 0% used [0x0000000780980000,0x0000000780980000,0x0000000791f80000)
  from space 30720K, 0% used [0x0000000791f80000,0x0000000791f80000,0x0000000793d80000)
  to   space 36352K, 0% used [0x000000079b880000,0x000000079b880000,0x000000079dc00000)
 ParOldGen       total 197120K, used 55232K [0x0000000701c00000, 0x000000070dc80000, 0x0000000780980000)
  object space 197120K, 28% used [0x0000000701c00000,0x00000007051f0108,0x000000070dc80000)
 Metaspace       used 57371K, capacity 58924K, committed 59096K, reserved 1099776K
  class space    used 7688K, capacity 8135K, committed 8192K, reserved 1048576K
}

