# JRE version: Java(TM) SE Runtime Environment (8.0_162-b12) (build 1.8.0_162-b12)
# Java VM: Java HotSpot(TM) 64-Bit Server VM (25.162-b12 mixed mode windows-amd64 compressed oops)
Heap:
 PSYoungGen      total 318976K, used 125475K [0x00000000eab00000, 0x00000000ffe80000, 0x0000000100000000)
  eden space 292864K, 39% used [0x00000000eab00000,0x00000000f1b39f80,0x00000000fc900000)
  from space 26112K, 40% used [0x00000000fc900000,0x00000000fd34ed90,0x00000000fe280000)
  to   space 25088K, 0% used [0x00000000fe600000,0x00000000fe600000,0x00000000ffe80000)
 ParOldGen       total 299008K, used 258453K [0x00000000c0000000, 0x00000000d2400000, 0x00000000eab00000)
  object space 299008K, 86% used [0x00000000c0000000,0x00000000cfc654e8,0x00000000d2400000)
 Metaspace       used 91419K, capacity 95812K, committed 96024K, reserved 1132544K
  class space    used 11439K, capacity 12295K, committed 12336K, reserved 1048576K
GC Heap History (10 events):
Event: 7334.764 GC heap before
{Heap before GC invocations=65 (full 8):
 PSYoungGen      total 314880K, used 291888K [0x00000000eab00000, 0x00000000ffd80000, 0x0000000100000000)
  eden space 284160K, 100% used [0x00000000eab00000,0x00000000fc080000,0x00000000fc080000)
  from space 30720K, 25% used [0x00000000fdf80000,0x00000000fe70c020,0x00000000ffd80000)
  to   space 31232K, 0% used [0x00000000fc080000,0x00000000fc080000,0x00000000fdf00000)
 ParOldGen       total 299008K, used 215823K [0x00000000c0000000, 0x00000000d2400000, 0x00000000eab00000)
  object space 299008K, 72% used [0x00000000c0000000,0x00000000cd2c3c60,0x00000000d2400000)
 Metaspace       used 91355K, capacity 95700K, committed 95768K, reserved 1132544K
  class space    used 11433K, capacity 12287K, committed 12336K, reserved 1048576K
Event: 7334.838 GC heap after
Heap after GC invocations=65 (full 8):
 PSYoungGen      total 315392K, used 9198K [0x00000000eab00000, 0x00000000ffd80000, 0x0000000100000000)
  eden space 284160K, 0% used [0x00000000eab00000,0x00000000eab00000,0x00000000fc080000)
  from space 31232K, 29% used [0x00000000fc080000,0x00000000fc97b880,0x00000000fdf00000)
  to   space 29696K, 0% used [0x00000000fe080000,0x00000000fe080000,0x00000000ffd80000)
 ParOldGen       total 299008K, used 222835K [0x00000000c0000000, 0x00000000d2400000, 0x00000000eab00000)
  object space 299008K, 74% used [0x00000000c0000000,0x00000000cd99cce0,0x00000000d2400000)
 Metaspace       used 91355K, capacity 95700K, committed 95768K, reserved 1132544K
  class space    used 11433K, capacity 12287K, committed 12336K, reserved 1048576K
}
Event: 7335.849 GC heap before
{Heap before GC invocations=66 (full 8):
 PSYoungGen      total 315392K, used 293358K [0x00000000eab00000, 0x00000000ffd80000, 0x0000000100000000)
  eden space 284160K, 100% used [0x00000000eab00000,0x00000000fc080000,0x00000000fc080000)
  from space 31232K, 29% used [0x00000000fc080000,0x00000000fc97b880,0x00000000fdf00000)
  to   space 29696K, 0% used [0x00000000fe080000,0x00000000fe080000,0x00000000ffd80000)
 ParOldGen       total 299008K, used 222835K [0x00000000c0000000, 0x00000000d2400000, 0x00000000eab00000)
  object space 299008K, 74% used [0x00000000c0000000,0x00000000cd99cce0,0x00000000d2400000)
 Metaspace       used 91367K, capacity 95706K, committed 95768K, reserved 1132544K
  class space    used 11434K, capacity 12288K, committed 12336K, reserved 1048576K
Event: 7335.913 GC heap after
Heap after GC invocations=66 (full 8):
 PSYoungGen      total 316928K, used 8448K [0x00000000eab00000, 0x00000000ffc80000, 0x0000000100000000)
  eden space 288256K, 0% used [0x00000000eab00000,0x00000000eab00000,0x00000000fc480000)
  from space 28672K, 29% used [0x00000000fe080000,0x00000000fe8c0010,0x00000000ffc80000)
  to   space 28672K, 0% used [0x00000000fc480000,0x00000000fc480000,0x00000000fe080000)
 ParOldGen       total 299008K, used 231924K [0x00000000c0000000, 0x00000000d2400000, 0x00000000eab00000)
  object space 299008K, 77% used [0x00000000c0000000,0x00000000ce27d010,0x00000000d2400000)
 Metaspace       used 91367K, capacity 95706K, committed 95768K, reserved 1132544K
  class space    used 11434K, capacity 12288K, committed 12336K, reserved 1048576K
}
Event: 7336.947 GC heap before
{Heap before GC invocations=67 (full 8):
 PSYoungGen      total 316928K, used 296704K [0x00000000eab00000, 0x00000000ffc80000, 0x0000000100000000)
  eden space 288256K, 100% used [0x00000000eab00000,0x00000000fc480000,0x00000000fc480000)
  from space 28672K, 29% used [0x00000000fe080000,0x00000000fe8c0010,0x00000000ffc80000)
  to   space 28672K, 0% used [0x00000000fc480000,0x00000000fc480000,0x00000000fe080000)
 ParOldGen       total 299008K, used 231924K [0x00000000c0000000, 0x00000000d2400000, 0x00000000eab00000)
  object space 299008K, 77% used [0x00000000c0000000,0x00000000ce27d010,0x00000000d2400000)
 Metaspace       used 91373K, capacity 95706K, committed 95768K, reserved 1132544K
  class space    used 11434K, capacity 12288K, committed 12336K, reserved 1048576K
Event: 7337.008 GC heap after
Heap after GC invocations=67 (full 8):
 PSYoungGen      total 316928K, used 9024K [0x00000000eab00000, 0x00000000ffe00000, 0x0000000100000000)
  eden space 288256K, 0% used [0x00000000eab00000,0x00000000eab00000,0x00000000fc480000)
  from space 28672K, 31% used [0x00000000fc480000,0x00000000fcd50020,0x00000000fe080000)
  to   space 27648K, 0% used [0x00000000fe300000,0x00000000fe300000,0x00000000ffe00000)
 ParOldGen       total 299008K, used 240332K [0x00000000c0000000, 0x00000000d2400000, 0x00000000eab00000)
  object space 299008K, 80% used [0x00000000c0000000,0x00000000ceab3030,0x00000000d2400000)
 Metaspace       used 91373K, capacity 95706K, committed 95768K, reserved 1132544K
  class space    used 11434K, capacity 12288K, committed 12336K, reserved 1048576K
}
Event: 7337.901 GC heap before
{Heap before GC invocations=68 (full 8):
 PSYoungGen      total 316928K, used 297280K [0x00000000eab00000, 0x00000000ffe00000, 0x0000000100000000)
  eden space 288256K, 100% used [0x00000000eab00000,0x00000000fc480000,0x00000000fc480000)
  from space 28672K, 31% used [0x00000000fc480000,0x00000000fcd50020,0x00000000fe080000)
  to   space 27648K, 0% used [0x00000000fe300000,0x00000000fe300000,0x00000000ffe00000)
 ParOldGen       total 299008K, used 240332K [0x00000000c0000000, 0x00000000d2400000, 0x00000000eab00000)
  object space 299008K, 80% used [0x00000000c0000000,0x00000000ceab3030,0x00000000d2400000)
 Metaspace       used 91378K, capacity 95710K, committed 95768K, reserved 1132544K
  class space    used 11434K, capacity 12288K, committed 12336K, reserved 1048576K
Event: 7337.974 GC heap after
Heap after GC invocations=68 (full 8):
 PSYoungGen      total 318464K, used 9832K [0x00000000eab00000, 0x00000000ffc00000, 0x0000000100000000)
  eden space 292864K, 0% used [0x00000000eab00000,0x00000000eab00000,0x00000000fc900000)
  from space 25600K, 38% used [0x00000000fe300000,0x00000000fec9a198,0x00000000ffc00000)
  to   space 26112K, 0% used [0x00000000fc900000,0x00000000fc900000,0x00000000fe280000)
 ParOldGen       total 299008K, used 249331K [0x00000000c0000000, 0x00000000d2400000, 0x00000000eab00000)
  object space 299008K, 83% used [0x00000000c0000000,0x00000000cf37cfe0,0x00000000d2400000)
 Metaspace       used 91378K, capacity 95710K, committed 95768K, reserved 1132544K
  class space    used 11434K, capacity 12288K, committed 12336K, reserved 1048576K
}
Event: 7338.850 GC heap before
{Heap before GC invocations=69 (full 8):
 PSYoungGen      total 318464K, used 302696K [0x00000000eab00000, 0x00000000ffc00000, 0x0000000100000000)
  eden space 292864K, 100% used [0x00000000eab00000,0x00000000fc900000,0x00000000fc900000)
  from space 25600K, 38% used [0x00000000fe300000,0x00000000fec9a198,0x00000000ffc00000)
  to   space 26112K, 0% used [0x00000000fc900000,0x00000000fc900000,0x00000000fe280000)
 ParOldGen       total 299008K, used 249331K [0x00000000c0000000, 0x00000000d2400000, 0x00000000eab00000)
  object space 299008K, 83% used [0x00000000c0000000,0x00000000cf37cfe0,0x00000000d2400000)
 Metaspace       used 91385K, capacity 95714K, committed 95768K, reserved 1132544K
  class space    used 11434K, capacity 12288K, committed 12336K, reserved 1048576K
Event: 7338.931 GC heap after
Heap after GC invocations=69 (full 8):
 PSYoungGen      total 318976K, used 10555K [0x00000000eab00000, 0x00000000ffe80000, 0x0000000100000000)
  eden space 292864K, 0% used [0x00000000eab00000,0x00000000eab00000,0x00000000fc900000)
  from space 26112K, 40% used [0x00000000fc900000,0x00000000fd34ed90,0x00000000fe280000)
  to   space 25088K, 0% used [0x00000000fe600000,0x00000000fe600000,0x00000000ffe80000)
 ParOldGen       total 299008K, used 258453K [0x00000000c0000000, 0x00000000d2400000, 0x00000000eab00000)
  object space 299008K, 86% used [0x00000000c0000000,0x00000000cfc654e8,0x00000000d2400000)
 Metaspace       used 91385K, capacity 95714K, committed 95768K, reserved 1132544K
  class space    used 11434K, capacity 12288K, committed 12336K, reserved 1048576K
}

