# JRE version: Java(TM) SE Runtime Environment (8.0_162-b12) (build 1.8.0_162-b12)
# Java VM: Java HotSpot(TM) 64-Bit Server VM (25.162-b12 mixed mode windows-amd64 compressed oops)
Heap:
 PSYoungGen      total 328192K, used 127496K [0x0000000780980000, 0x00000007a2e80000, 0x00000007c0000000)
  eden space 309760K, 35% used [0x0000000780980000,0x000000078740a0a0,0x0000000793800000)
  from space 18432K, 99% used [0x0000000793800000,0x00000007949f8210,0x0000000794a00000)
  to   space 30208K, 0% used [0x00000007a1100000,0x00000007a1100000,0x00000007a2e80000)
 ParOldGen       total 127488K, used 40720K [0x0000000701c00000, 0x0000000709880000, 0x0000000780980000)
  object space 127488K, 31% used [0x0000000701c00000,0x00000007043c43d8,0x0000000709880000)
 Metaspace       used 56505K, capacity 58102K, committed 58368K, reserved 1099776K
  class space    used 7482K, capacity 7894K, committed 7936K, reserved 1048576K
GC Heap History (10 events):
Event: 7.991 GC heap before
{Heap before GC invocations=5 (full 1):
 PSYoungGen      total 106496K, used 98304K [0x0000000780980000, 0x000000078d980000, 0x00000007c0000000)
  eden space 98304K, 100% used [0x0000000780980000,0x0000000786980000,0x0000000786980000)
  from space 8192K, 0% used [0x0000000786980000,0x0000000786980000,0x0000000787180000)
  to   space 8192K, 0% used [0x000000078d180000,0x000000078d180000,0x000000078d980000)
 ParOldGen       total 89088K, used 11164K [0x0000000701c00000, 0x0000000707300000, 0x0000000780980000)
  object space 89088K, 12% used [0x0000000701c00000,0x00000007026e71c0,0x0000000707300000)
 Metaspace       used 27355K, capacity 27832K, committed 28032K, reserved 1073152K
  class space    used 3777K, capacity 3963K, committed 3968K, reserved 1048576K
Event: 8.232 GC heap after
Heap after GC invocations=5 (full 1):
 PSYoungGen      total 178176K, used 8175K [0x0000000780980000, 0x000000078d980000, 0x00000007c0000000)
  eden space 169984K, 0% used [0x0000000780980000,0x0000000780980000,0x000000078af80000)
  from space 8192K, 99% used [0x000000078d180000,0x000000078d97bf58,0x000000078d980000)
  to   space 8192K, 0% used [0x000000078c980000,0x000000078c980000,0x000000078d180000)
 ParOldGen       total 89088K, used 11583K [0x0000000701c00000, 0x0000000707300000, 0x0000000780980000)
  object space 89088K, 13% used [0x0000000701c00000,0x000000070274fde8,0x0000000707300000)
 Metaspace       used 27355K, capacity 27832K, committed 28032K, reserved 1073152K
  class space    used 3777K, capacity 3963K, committed 3968K, reserved 1048576K
}
Event: 11.060 GC heap before
{Heap before GC invocations=6 (full 1):
 PSYoungGen      total 178176K, used 115873K [0x0000000780980000, 0x000000078d980000, 0x00000007c0000000)
  eden space 169984K, 63% used [0x0000000780980000,0x00000007872ac5c8,0x000000078af80000)
  from space 8192K, 99% used [0x000000078d180000,0x000000078d97bf58,0x000000078d980000)
  to   space 8192K, 0% used [0x000000078c980000,0x000000078c980000,0x000000078d180000)
 ParOldGen       total 89088K, used 11583K [0x0000000701c00000, 0x0000000707300000, 0x0000000780980000)
  object space 89088K, 13% used [0x0000000701c00000,0x000000070274fde8,0x0000000707300000)
 Metaspace       used 34589K, capacity 35116K, committed 35456K, reserved 1079296K
  class space    used 4720K, capacity 4895K, committed 4992K, reserved 1048576K
Event: 11.436 GC heap after
Heap after GC invocations=6 (full 1):
 PSYoungGen      total 204800K, used 8162K [0x0000000780980000, 0x0000000795a00000, 0x00000007c0000000)
  eden space 196608K, 0% used [0x0000000780980000,0x0000000780980000,0x000000078c980000)
  from space 8192K, 99% used [0x000000078c980000,0x000000078d178a88,0x000000078d180000)
  to   space 16384K, 0% used [0x0000000794a00000,0x0000000794a00000,0x0000000795a00000)
 ParOldGen       total 89088K, used 19045K [0x0000000701c00000, 0x0000000707300000, 0x0000000780980000)
  object space 89088K, 21% used [0x0000000701c00000,0x0000000702e99480,0x0000000707300000)
 Metaspace       used 34589K, capacity 35116K, committed 35456K, reserved 1079296K
  class space    used 4720K, capacity 4895K, committed 4992K, reserved 1048576K
}
Event: 11.436 GC heap before
{Heap before GC invocations=7 (full 2):
 PSYoungGen      total 204800K, used 8162K [0x0000000780980000, 0x0000000795a00000, 0x00000007c0000000)
  eden space 196608K, 0% used [0x0000000780980000,0x0000000780980000,0x000000078c980000)
  from space 8192K, 99% used [0x000000078c980000,0x000000078d178a88,0x000000078d180000)
  to   space 16384K, 0% used [0x0000000794a00000,0x0000000794a00000,0x0000000795a00000)
 ParOldGen       total 89088K, used 19045K [0x0000000701c00000, 0x0000000707300000, 0x0000000780980000)
  object space 89088K, 21% used [0x0000000701c00000,0x0000000702e99480,0x0000000707300000)
 Metaspace       used 34589K, capacity 35116K, committed 35456K, reserved 1079296K
  class space    used 4720K, capacity 4895K, committed 4992K, reserved 1048576K
Event: 11.655 GC heap after
Heap after GC invocations=7 (full 2):
 PSYoungGen      total 204800K, used 0K [0x0000000780980000, 0x0000000795a00000, 0x00000007c0000000)
  eden space 196608K, 0% used [0x0000000780980000,0x0000000780980000,0x000000078c980000)
  from space 8192K, 0% used [0x000000078c980000,0x000000078c980000,0x000000078d180000)
  to   space 16384K, 0% used [0x0000000794a00000,0x0000000794a00000,0x0000000795a00000)
 ParOldGen       total 127488K, used 22905K [0x0000000701c00000, 0x0000000709880000, 0x0000000780980000)
  object space 127488K, 17% used [0x0000000701c00000,0x000000070325e730,0x0000000709880000)
 Metaspace       used 34589K, capacity 35116K, committed 35456K, reserved 1079296K
  class space    used 4720K, capacity 4895K, committed 4992K, reserved 1048576K
}
Event: 17.360 GC heap before
{Heap before GC invocations=8 (full 2):
 PSYoungGen      total 204800K, used 196608K [0x0000000780980000, 0x0000000795a00000, 0x00000007c0000000)
  eden space 196608K, 100% used [0x0000000780980000,0x000000078c980000,0x000000078c980000)
  from space 8192K, 0% used [0x000000078c980000,0x000000078c980000,0x000000078d180000)
  to   space 16384K, 0% used [0x0000000794a00000,0x0000000794a00000,0x0000000795a00000)
 ParOldGen       total 127488K, used 22905K [0x0000000701c00000, 0x0000000709880000, 0x0000000780980000)
  object space 127488K, 17% used [0x0000000701c00000,0x000000070325e730,0x0000000709880000)
 Metaspace       used 46336K, capacity 47508K, committed 47744K, reserved 1089536K
  class space    used 6311K, capacity 6657K, committed 6784K, reserved 1048576K
Event: 17.501 GC heap after
Heap after GC invocations=8 (full 2):
 PSYoungGen      total 326144K, used 15717K [0x0000000780980000, 0x0000000796d00000, 0x00000007c0000000)
  eden space 309760K, 0% used [0x0000000780980000,0x0000000780980000,0x0000000793800000)
  from space 16384K, 95% used [0x0000000794a00000,0x00000007959594f8,0x0000000795a00000)
  to   space 18432K, 0% used [0x0000000793800000,0x0000000793800000,0x0000000794a00000)
 ParOldGen       total 127488K, used 22913K [0x0000000701c00000, 0x0000000709880000, 0x0000000780980000)
  object space 127488K, 17% used [0x0000000701c00000,0x0000000703260730,0x0000000709880000)
 Metaspace       used 46336K, capacity 47508K, committed 47744K, reserved 1089536K
  class space    used 6311K, capacity 6657K, committed 6784K, reserved 1048576K
}
Event: 23.546 GC heap before
{Heap before GC invocations=9 (full 2):
 PSYoungGen      total 326144K, used 325477K [0x0000000780980000, 0x0000000796d00000, 0x00000007c0000000)
  eden space 309760K, 100% used [0x0000000780980000,0x0000000793800000,0x0000000793800000)
  from space 16384K, 95% used [0x0000000794a00000,0x00000007959594f8,0x0000000795a00000)
  to   space 18432K, 0% used [0x0000000793800000,0x0000000793800000,0x0000000794a00000)
 ParOldGen       total 127488K, used 22913K [0x0000000701c00000, 0x0000000709880000, 0x0000000780980000)
  object space 127488K, 17% used [0x0000000701c00000,0x0000000703260730,0x0000000709880000)
 Metaspace       used 54389K, capacity 55958K, committed 56192K, reserved 1097728K
  class space    used 7370K, capacity 7798K, committed 7808K, reserved 1048576K
Event: 23.624 GC heap after
Heap after GC invocations=9 (full 2):
 PSYoungGen      total 328192K, used 18400K [0x0000000780980000, 0x00000007a2e80000, 0x00000007c0000000)
  eden space 309760K, 0% used [0x0000000780980000,0x0000000780980000,0x0000000793800000)
  from space 18432K, 99% used [0x0000000793800000,0x00000007949f8210,0x0000000794a00000)
  to   space 30208K, 0% used [0x00000007a1100000,0x00000007a1100000,0x00000007a2e80000)
 ParOldGen       total 127488K, used 40720K [0x0000000701c00000, 0x0000000709880000, 0x0000000780980000)
  object space 127488K, 31% used [0x0000000701c00000,0x00000007043c43d8,0x0000000709880000)
 Metaspace       used 54389K, capacity 55958K, committed 56192K, reserved 1097728K
  class space    used 7370K, capacity 7798K, committed 7808K, reserved 1048576K
}

